<?xml version="1.0" encoding="UTF-8"?>
<testsuite xmlns:xsi="http://www.w3.org/2001/XMLSchema-instance" xsi:noNamespaceSchemaLocation="https://maven.apache.org/surefire/maven-surefire-plugin/xsd/surefire-test-report.xsd" name="it.polimi.ingsw.AppTest" time="0.044" tests="1" errors="0" skipped="0" failures="0">
  <properties>
    <property name="java.specification.version" value="15"/>
    <property name="sun.jnu.encoding" value="UTF-8"/>
    <property name="java.class.path" value="/Users/Ekraar/Library/Mobile Documents/com~apple~CloudDocs/Polimi/A.A. 20-21/Progetto ing.Soft/ingswAM2021-Bindi-Borsatto-Bronzo/target/test-classes:/Users/Ekraar/Library/Mobile Documents/com~apple~CloudDocs/Polimi/A.A. 20-21/Progetto ing.Soft/ingswAM2021-Bindi-Borsatto-Bronzo/target/classes:/Users/Ekraar/.m2/repository/junit/junit/4.11/junit-4.11.jar:/Users/Ekraar/.m2/repository/org/hamcrest/hamcrest-core/1.3/hamcrest-core-1.3.jar:"/>
    <property name="java.vm.vendor" value="Oracle Corporation"/>
    <property name="sun.arch.data.model" value="64"/>
    <property name="java.vendor.url" value="https://java.oracle.com/"/>
    <property name="os.name" value="Mac OS X"/>
    <property name="java.vm.specification.version" value="15"/>
    <property name="sun.java.launcher" value="SUN_STANDARD"/>
    <property name="user.country" value="IT"/>
    <property name="sun.boot.library.path" value="/Library/Java/JavaVirtualMachines/jdk-15.jdk/Contents/Home/lib"/>
    <property name="sun.java.command" value="/Users/Ekraar/Library/Mobile Documents/com~apple~CloudDocs/Polimi/A.A. 20-21/Progetto ing.Soft/ingswAM2021-Bindi-Borsatto-Bronzo/target/surefire/surefirebooter2817054372162163040.jar /Users/Ekraar/Library/Mobile Documents/com~apple~CloudDocs/Polimi/A.A. 20-21/Progetto ing.Soft/ingswAM2021-Bindi-Borsatto-Bronzo/target/surefire 2021-03-28T17-03-12_875-jvmRun1 surefire7204586099756888196tmp surefire_012123592899375655114tmp"/>
    <property name="jdk.debug" value="release"/>
    <property name="surefire.test.class.path" value="/Users/Ekraar/Library/Mobile Documents/com~apple~CloudDocs/Polimi/A.A. 20-21/Progetto ing.Soft/ingswAM2021-Bindi-Borsatto-Bronzo/target/test-classes:/Users/Ekraar/Library/Mobile Documents/com~apple~CloudDocs/Polimi/A.A. 20-21/Progetto ing.Soft/ingswAM2021-Bindi-Borsatto-Bronzo/target/classes:/Users/Ekraar/.m2/repository/junit/junit/4.11/junit-4.11.jar:/Users/Ekraar/.m2/repository/org/hamcrest/hamcrest-core/1.3/hamcrest-core-1.3.jar:"/>
    <property name="sun.cpu.endian" value="little"/>
    <property name="user.home" value="/Users/Ekraar"/>
    <property name="user.language" value="it"/>
    <property name="java.specification.vendor" value="Oracle Corporation"/>
    <property name="java.version.date" value="2020-09-15"/>
    <property name="java.home" value="/Library/Java/JavaVirtualMachines/jdk-15.jdk/Contents/Home"/>
    <property name="file.separator" value="/"/>
    <property name="basedir" value="/Users/Ekraar/Library/Mobile Documents/com~apple~CloudDocs/Polimi/A.A. 20-21/Progetto ing.Soft/ingswAM2021-Bindi-Borsatto-Bronzo"/>
    <property name="java.vm.compressedOopsMode" value="Zero based"/>
    <property name="line.separator" value="&#10;"/>
    <property name="java.vm.specification.vendor" value="Oracle Corporation"/>
    <property name="java.specification.name" value="Java Platform API Specification"/>
    <property name="surefire.real.class.path" value="/Users/Ekraar/Library/Mobile Documents/com~apple~CloudDocs/Polimi/A.A. 20-21/Progetto ing.Soft/ingswAM2021-Bindi-Borsatto-Bronzo/target/surefire/surefirebooter2817054372162163040.jar"/>
    <property name="sun.management.compiler" value="HotSpot 64-Bit Tiered Compilers"/>
    <property name="java.runtime.version" value="15+36-1562"/>
    <property name="user.name" value="Ekraar"/>
    <property name="path.separator" value=":"/>
    <property name="os.version" value="10.16"/>
    <property name="java.runtime.name" value="Java(TM) SE Runtime Environment"/>
    <property name="file.encoding" value="UTF-8"/>
    <property name="java.vm.name" value="Java HotSpot(TM) 64-Bit Server VM"/>
    <property name="localRepository" value="/Users/Ekraar/.m2/repository"/>
    <property name="java.vendor.url.bug" value="https://bugreport.java.com/bugreport/"/>
    <property name="java.io.tmpdir" value="/var/folders/49/fq5zrc5j7_x40t1mxrl_h_0h0000gn/T/"/>
    <property name="idea.version" value="2020.2.4"/>
    <property name="java.version" value="15"/>
    <property name="user.dir" value="/Users/Ekraar/Library/Mobile Documents/com~apple~CloudDocs/Polimi/A.A. 20-21/Progetto ing.Soft/ingswAM2021-Bindi-Borsatto-Bronzo"/>
    <property name="os.arch" value="x86_64"/>
    <property name="java.vm.specification.name" value="Java Virtual Machine Specification"/>
    <property name="java.library.path" value="/Users/Ekraar/Library/Java/Extensions:/Library/Java/Extensions:/Network/Library/Java/Extensions:/System/Library/Java/Extensions:/usr/lib/java:."/>
    <property name="java.vm.info" value="mixed mode, sharing"/>
    <property name="java.vendor" value="Oracle Corporation"/>
    <property name="java.vm.version" value="15+36-1562"/>
    <property name="sun.io.unicode.encoding" value="UnicodeBig"/>
    <property name="java.class.version" value="59.0"/>
  </properties>
  <testcase name="shouldAnswerWithTrue" classname="it.polimi.ingsw.AppTest" time="0.002"/>
</testsuite>